\BOOKMARK [1][-]{section.1}{Introduction}{}% 1
\BOOKMARK [1][-]{section.2}{Related Work}{}% 2
\BOOKMARK [1][-]{section.3}{Features}{}% 3
\BOOKMARK [2][-]{subsection.3.1}{Bound Checking}{section.3}% 4
\BOOKMARK [3][-]{subsubsection.3.1.1}{Range checking}{subsection.3.1}% 5
\BOOKMARK [3][-]{subsubsection.3.1.2}{Index checking}{subsection.3.1}% 6
\BOOKMARK [3][-]{subsubsection.3.1.3}{Examples}{subsection.3.1}% 7
\BOOKMARK [3][-]{subsubsection.3.1.4}{Scala}{subsection.3.1}% 8
\BOOKMARK [3][-]{subsubsection.3.1.5}{Swift-range checking }{subsection.3.1}% 9
\BOOKMARK [2][-]{subsection.3.2}{Type Safety}{section.3}% 10
\BOOKMARK [3][-]{subsubsection.3.2.1}{The advantages type safety }{subsection.3.2}% 11
\BOOKMARK [3][-]{subsubsection.3.2.2}{scala}{subsection.3.2}% 12
\BOOKMARK [3][-]{subsubsection.3.2.3}{Swift}{subsection.3.2}% 13
\BOOKMARK [3][-]{subsubsection.3.2.4}{F\043}{subsection.3.2}% 14
\BOOKMARK [3][-]{subsubsection.3.2.5}{Rust }{subsection.3.2}% 15
\BOOKMARK [3][-]{subsubsection.3.2.6}{VB.net}{subsection.3.2}% 16
\BOOKMARK [3][-]{subsubsection.3.2.7}{C\043}{subsection.3.2}% 17
\BOOKMARK [3][-]{subsubsection.3.2.8}{D}{subsection.3.2}% 18
\BOOKMARK [3][-]{subsubsection.3.2.9}{OZ }{subsection.3.2}% 19
\BOOKMARK [3][-]{subsubsection.3.2.10}{Matlab}{subsection.3.2}% 20
\BOOKMARK [3][-]{subsubsection.3.2.11}{Python}{subsection.3.2}% 21
\BOOKMARK [2][-]{subsection.3.3}{Exception Handling Umar}{section.3}% 22
\BOOKMARK [2][-]{subsection.3.4}{Nodularity Umar}{section.3}% 23
\BOOKMARK [2][-]{subsection.3.5}{compiled / interpreted Maam Mehreen}{section.3}% 24
\BOOKMARK [2][-]{subsection.3.6}{Assertion Maam Mehreen}{section.3}% 25
\BOOKMARK [2][-]{subsection.3.7}{conditional compilation Shaad}{section.3}% 26
\BOOKMARK [2][-]{subsection.3.8}{file handling Shaad }{section.3}% 27
\BOOKMARK [2][-]{subsection.3.9}{mutable Sharan}{section.3}% 28
\BOOKMARK [2][-]{subsection.3.10}{immutable Sharan}{section.3}% 29
\BOOKMARK [2][-]{subsection.3.11}{imperative control Shahid}{section.3}% 30
\BOOKMARK [2][-]{subsection.3.12}{Explicit concurrency Shahid}{section.3}% 31
\BOOKMARK [1][-]{section.4}{Conclusions}{}% 32
\BOOKMARK [1][-]{section.5}{Acknowledgments}{}% 33
\BOOKMARK [2][-]{subsection.5.1}{References}{section.5}% 34
